<?xml version="1.0" encoding="UTF-8"?>
<!-- Generated by org.testng.reporters.JUnitReportReporter -->
<testsuite hostname="LAPTOP-DE7E5JDU" failures="0" tests="1" name="practice.SeleniumBrowserStack" time="23.450" errors="0" timestamp="2023-06-30T12:12:24 IST" skipped="0">
  <testcase classname="practice.SeleniumBrowserStack" name="seleniumBrowserStack" time="23.450"/>
</testsuite> <!-- practice.SeleniumBrowserStack -->
