<?xml version="1.0" encoding="UTF-8"?>
<!-- Generated by org.testng.reporters.JUnitReportReporter -->
<testsuite hostname="LAPTOP-DE7E5JDU" failures="0" tests="1" name="practice.MobileAppTest" time="22.201" errors="0" timestamp="2023-06-30T15:33:24 IST" skipped="0">
  <testcase classname="practice.MobileAppTest" name="mobileAppTest" time="22.201"/>
</testsuite> <!-- practice.MobileAppTest -->
